22:58:05.102 [main] ERROR resources.BaseActi - Exception occurred in editing customer name on attempt 2
org.openqa.selenium.NoSuchElementException: no such element: Unable to locate element: {"method":"xpath","selector":"//div[contains(@class,'cardWithCheckbox')]//span[contains(@class,'checkmark type_checkbox')]"}
  (Session info: chrome=126.0.6478.114)
For documentation on this error, please visit: https://www.selenium.dev/documentation/webdriver/troubleshooting/errors#no-such-element-exception
Build info: version: '4.19.1', revision: 'abe0ee07dc'
System info: os.name: 'Windows 11', os.arch: 'amd64', os.version: '10.0', java.version: '17.0.10'
Driver info: org.openqa.selenium.chrome.ChromeDriver
Command: [0e4f000f549aa6e7f5e87db0d2dc7c9a, findElement {using=xpath, value=//div[contains(@class,'cardWithCheckbox')]//span[contains(@class,'checkmark type_checkbox')]}]
Capabilities {acceptInsecureCerts: false, browserName: chrome, browserVersion: 126.0.6478.114, chrome: {chromedriverVersion: 126.0.6478.63 (df799988fdc9..., userDataDir: C:\Users\Relanto\AppData\Lo...}, fedcm:accounts: true, goog:chromeOptions: {debuggerAddress: localhost:59050}, networkConnectionEnabled: false, pageLoadStrategy: normal, platformName: windows, proxy: Proxy(), se:cdp: ws://localhost:59050/devtoo..., se:cdpVersion: 126.0.6478.114, setWindowRect: true, strictFileInteractability: false, timeouts: {implicit: 0, pageLoad: 300000, script: 30000}, unhandledPromptBehavior: dismiss and notify, webauthn:extension:credBlob: true, webauthn:extension:largeBlob: true, webauthn:extension:minPinLength: true, webauthn:extension:prf: true, webauthn:virtualAuthenticators: true}
Session ID: 0e4f000f549aa6e7f5e87db0d2dc7c9a
	at java.base/jdk.internal.reflect.NativeConstructorAccessorImpl.newInstance0(Native Method) ~[?:?]
	at java.base/jdk.internal.reflect.NativeConstructorAccessorImpl.newInstance(NativeConstructorAccessorImpl.java:77) ~[?:?]
	at java.base/jdk.internal.reflect.DelegatingConstructorAccessorImpl.newInstance(DelegatingConstructorAccessorImpl.java:45) ~[?:?]
	at java.base/java.lang.reflect.Constructor.newInstanceWithCaller(Constructor.java:499) ~[?:?]
	at java.base/java.lang.reflect.Constructor.newInstance(Constructor.java:480) ~[?:?]
	at org.openqa.selenium.remote.ErrorCodec.decode(ErrorCodec.java:167) ~[selenium-remote-driver-4.19.1.jar:?]
	at org.openqa.selenium.remote.codec.w3c.W3CHttpResponseCodec.decode(W3CHttpResponseCodec.java:138) ~[selenium-remote-driver-4.19.1.jar:?]
	at org.openqa.selenium.remote.codec.w3c.W3CHttpResponseCodec.decode(W3CHttpResponseCodec.java:50) ~[selenium-remote-driver-4.19.1.jar:?]
	at org.openqa.selenium.remote.HttpCommandExecutor.execute(HttpCommandExecutor.java:190) ~[selenium-remote-driver-4.19.1.jar:?]
	at org.openqa.selenium.remote.service.DriverCommandExecutor.invokeExecute(DriverCommandExecutor.java:216) ~[selenium-remote-driver-4.19.1.jar:?]
	at org.openqa.selenium.remote.service.DriverCommandExecutor.execute(DriverCommandExecutor.java:174) ~[selenium-remote-driver-4.19.1.jar:?]
	at org.openqa.selenium.remote.RemoteWebDriver.execute(RemoteWebDriver.java:518) ~[selenium-remote-driver-4.19.1.jar:?]
	at org.openqa.selenium.remote.ElementLocation$ElementFinder$2.findElement(ElementLocation.java:165) ~[selenium-remote-driver-4.19.1.jar:?]
	at org.openqa.selenium.remote.ElementLocation.findElement(ElementLocation.java:59) ~[selenium-remote-driver-4.19.1.jar:?]
	at org.openqa.selenium.remote.RemoteWebDriver.findElement(RemoteWebDriver.java:355) ~[selenium-remote-driver-4.19.1.jar:?]
	at org.openqa.selenium.remote.RemoteWebDriver.findElement(RemoteWebDriver.java:349) ~[selenium-remote-driver-4.19.1.jar:?]
	at test.CommonTest.DeletingTaskTest(CommonTest.java:271) [test-classes/:?]
	at java.base/jdk.internal.reflect.NativeMethodAccessorImpl.invoke0(Native Method) ~[?:?]
	at java.base/jdk.internal.reflect.NativeMethodAccessorImpl.invoke(NativeMethodAccessorImpl.java:77) ~[?:?]
	at java.base/jdk.internal.reflect.DelegatingMethodAccessorImpl.invoke(DelegatingMethodAccessorImpl.java:43) ~[?:?]
	at java.base/java.lang.reflect.Method.invoke(Method.java:568) ~[?:?]
	at org.testng.internal.MethodInvocationHelper.invokeMethod(MethodInvocationHelper.java:108) [org.testng_6.11.0.r201704240320.jar:?]
	at org.testng.internal.Invoker.invokeMethod(Invoker.java:661) [org.testng_6.11.0.r201704240320.jar:?]
	at org.testng.internal.Invoker.invokeTestMethod(Invoker.java:869) [org.testng_6.11.0.r201704240320.jar:?]
	at org.testng.internal.Invoker.invokeTestMethods(Invoker.java:1193) [org.testng_6.11.0.r201704240320.jar:?]
	at org.testng.internal.TestMethodWorker.invokeTestMethods(TestMethodWorker.java:126) [org.testng_6.11.0.r201704240320.jar:?]
	at org.testng.internal.TestMethodWorker.run(TestMethodWorker.java:109) [org.testng_6.11.0.r201704240320.jar:?]
	at org.testng.TestRunner.privateRun(TestRunner.java:744) [org.testng_6.11.0.r201704240320.jar:?]
	at org.testng.TestRunner.run(TestRunner.java:602) [org.testng_6.11.0.r201704240320.jar:?]
	at org.testng.SuiteRunner.runTest(SuiteRunner.java:380) [org.testng_6.11.0.r201704240320.jar:?]
	at org.testng.SuiteRunner.runSequentially(SuiteRunner.java:375) [org.testng_6.11.0.r201704240320.jar:?]
	at org.testng.SuiteRunner.privateRun(SuiteRunner.java:340) [org.testng_6.11.0.r201704240320.jar:?]
	at org.testng.SuiteRunner.run(SuiteRunner.java:289) [org.testng_6.11.0.r201704240320.jar:?]
	at org.testng.SuiteRunnerWorker.runSuite(SuiteRunnerWorker.java:52) [org.testng_6.11.0.r201704240320.jar:?]
	at org.testng.SuiteRunnerWorker.run(SuiteRunnerWorker.java:86) [org.testng_6.11.0.r201704240320.jar:?]
	at org.testng.TestNG.runSuitesSequentially(TestNG.java:1301) [org.testng_6.11.0.r201704240320.jar:?]
	at org.testng.TestNG.runSuitesLocally(TestNG.java:1226) [org.testng_6.11.0.r201704240320.jar:?]
	at org.testng.TestNG.runSuites(TestNG.java:1144) [org.testng_6.11.0.r201704240320.jar:?]
	at org.testng.TestNG.run(TestNG.java:1115) [org.testng_6.11.0.r201704240320.jar:?]
	at org.testng.remote.AbstractRemoteTestNG.run(AbstractRemoteTestNG.java:115) [testng-remote.jar:?]
	at org.testng.remote.RemoteTestNG.initAndRun(RemoteTestNG.java:293) [testng-remote.jar:?]
	at org.testng.remote.RemoteTestNG.main(RemoteTestNG.java:91) [testng-remote.jar:?]
22:58:43.095 [main] ERROR resources.BaseActi - Exception occurred in editing customer name on attempt 3
org.openqa.selenium.NoSuchElementException: no such element: Unable to locate element: {"method":"xpath","selector":"//div[contains(@class,'cardWithCheckbox')]//span[contains(@class,'checkmark type_checkbox')]"}
  (Session info: chrome=126.0.6478.114)
For documentation on this error, please visit: https://www.selenium.dev/documentation/webdriver/troubleshooting/errors#no-such-element-exception
Build info: version: '4.19.1', revision: 'abe0ee07dc'
System info: os.name: 'Windows 11', os.arch: 'amd64', os.version: '10.0', java.version: '17.0.10'
Driver info: org.openqa.selenium.chrome.ChromeDriver
Command: [0e4f000f549aa6e7f5e87db0d2dc7c9a, findElement {using=xpath, value=//div[contains(@class,'cardWithCheckbox')]//span[contains(@class,'checkmark type_checkbox')]}]
Capabilities {acceptInsecureCerts: false, browserName: chrome, browserVersion: 126.0.6478.114, chrome: {chromedriverVersion: 126.0.6478.63 (df799988fdc9..., userDataDir: C:\Users\Relanto\AppData\Lo...}, fedcm:accounts: true, goog:chromeOptions: {debuggerAddress: localhost:59050}, networkConnectionEnabled: false, pageLoadStrategy: normal, platformName: windows, proxy: Proxy(), se:cdp: ws://localhost:59050/devtoo..., se:cdpVersion: 126.0.6478.114, setWindowRect: true, strictFileInteractability: false, timeouts: {implicit: 0, pageLoad: 300000, script: 30000}, unhandledPromptBehavior: dismiss and notify, webauthn:extension:credBlob: true, webauthn:extension:largeBlob: true, webauthn:extension:minPinLength: true, webauthn:extension:prf: true, webauthn:virtualAuthenticators: true}
Session ID: 0e4f000f549aa6e7f5e87db0d2dc7c9a
	at java.base/jdk.internal.reflect.NativeConstructorAccessorImpl.newInstance0(Native Method) ~[?:?]
	at java.base/jdk.internal.reflect.NativeConstructorAccessorImpl.newInstance(NativeConstructorAccessorImpl.java:77) ~[?:?]
	at java.base/jdk.internal.reflect.DelegatingConstructorAccessorImpl.newInstance(DelegatingConstructorAccessorImpl.java:45) ~[?:?]
	at java.base/java.lang.reflect.Constructor.newInstanceWithCaller(Constructor.java:499) ~[?:?]
	at java.base/java.lang.reflect.Constructor.newInstance(Constructor.java:480) ~[?:?]
	at org.openqa.selenium.remote.ErrorCodec.decode(ErrorCodec.java:167) ~[selenium-remote-driver-4.19.1.jar:?]
	at org.openqa.selenium.remote.codec.w3c.W3CHttpResponseCodec.decode(W3CHttpResponseCodec.java:138) ~[selenium-remote-driver-4.19.1.jar:?]
	at org.openqa.selenium.remote.codec.w3c.W3CHttpResponseCodec.decode(W3CHttpResponseCodec.java:50) ~[selenium-remote-driver-4.19.1.jar:?]
	at org.openqa.selenium.remote.HttpCommandExecutor.execute(HttpCommandExecutor.java:190) ~[selenium-remote-driver-4.19.1.jar:?]
	at org.openqa.selenium.remote.service.DriverCommandExecutor.invokeExecute(DriverCommandExecutor.java:216) ~[selenium-remote-driver-4.19.1.jar:?]
	at org.openqa.selenium.remote.service.DriverCommandExecutor.execute(DriverCommandExecutor.java:174) ~[selenium-remote-driver-4.19.1.jar:?]
	at org.openqa.selenium.remote.RemoteWebDriver.execute(RemoteWebDriver.java:518) ~[selenium-remote-driver-4.19.1.jar:?]
	at org.openqa.selenium.remote.ElementLocation$ElementFinder$2.findElement(ElementLocation.java:165) ~[selenium-remote-driver-4.19.1.jar:?]
	at org.openqa.selenium.remote.ElementLocation.findElement(ElementLocation.java:59) ~[selenium-remote-driver-4.19.1.jar:?]
	at org.openqa.selenium.remote.RemoteWebDriver.findElement(RemoteWebDriver.java:355) ~[selenium-remote-driver-4.19.1.jar:?]
	at org.openqa.selenium.remote.RemoteWebDriver.findElement(RemoteWebDriver.java:349) ~[selenium-remote-driver-4.19.1.jar:?]
	at test.CommonTest.DeletingTaskTest(CommonTest.java:271) [test-classes/:?]
	at java.base/jdk.internal.reflect.NativeMethodAccessorImpl.invoke0(Native Method) ~[?:?]
	at java.base/jdk.internal.reflect.NativeMethodAccessorImpl.invoke(NativeMethodAccessorImpl.java:77) ~[?:?]
	at java.base/jdk.internal.reflect.DelegatingMethodAccessorImpl.invoke(DelegatingMethodAccessorImpl.java:43) ~[?:?]
	at java.base/java.lang.reflect.Method.invoke(Method.java:568) ~[?:?]
	at org.testng.internal.MethodInvocationHelper.invokeMethod(MethodInvocationHelper.java:108) [org.testng_6.11.0.r201704240320.jar:?]
	at org.testng.internal.Invoker.invokeMethod(Invoker.java:661) [org.testng_6.11.0.r201704240320.jar:?]
	at org.testng.internal.Invoker.invokeTestMethod(Invoker.java:869) [org.testng_6.11.0.r201704240320.jar:?]
	at org.testng.internal.Invoker.invokeTestMethods(Invoker.java:1193) [org.testng_6.11.0.r201704240320.jar:?]
	at org.testng.internal.TestMethodWorker.invokeTestMethods(TestMethodWorker.java:126) [org.testng_6.11.0.r201704240320.jar:?]
	at org.testng.internal.TestMethodWorker.run(TestMethodWorker.java:109) [org.testng_6.11.0.r201704240320.jar:?]
	at org.testng.TestRunner.privateRun(TestRunner.java:744) [org.testng_6.11.0.r201704240320.jar:?]
	at org.testng.TestRunner.run(TestRunner.java:602) [org.testng_6.11.0.r201704240320.jar:?]
	at org.testng.SuiteRunner.runTest(SuiteRunner.java:380) [org.testng_6.11.0.r201704240320.jar:?]
	at org.testng.SuiteRunner.runSequentially(SuiteRunner.java:375) [org.testng_6.11.0.r201704240320.jar:?]
	at org.testng.SuiteRunner.privateRun(SuiteRunner.java:340) [org.testng_6.11.0.r201704240320.jar:?]
	at org.testng.SuiteRunner.run(SuiteRunner.java:289) [org.testng_6.11.0.r201704240320.jar:?]
	at org.testng.SuiteRunnerWorker.runSuite(SuiteRunnerWorker.java:52) [org.testng_6.11.0.r201704240320.jar:?]
	at org.testng.SuiteRunnerWorker.run(SuiteRunnerWorker.java:86) [org.testng_6.11.0.r201704240320.jar:?]
	at org.testng.TestNG.runSuitesSequentially(TestNG.java:1301) [org.testng_6.11.0.r201704240320.jar:?]
	at org.testng.TestNG.runSuitesLocally(TestNG.java:1226) [org.testng_6.11.0.r201704240320.jar:?]
	at org.testng.TestNG.runSuites(TestNG.java:1144) [org.testng_6.11.0.r201704240320.jar:?]
	at org.testng.TestNG.run(TestNG.java:1115) [org.testng_6.11.0.r201704240320.jar:?]
	at org.testng.remote.AbstractRemoteTestNG.run(AbstractRemoteTestNG.java:115) [testng-remote.jar:?]
	at org.testng.remote.RemoteTestNG.initAndRun(RemoteTestNG.java:293) [testng-remote.jar:?]
	at org.testng.remote.RemoteTestNG.main(RemoteTestNG.java:91) [testng-remote.jar:?]
